[13:10:36] [main/INFO] [GradleStart]: No arguments specified, assuming client.
[13:10:36] [main/INFO] [GradleStart]: Extra: []
[13:12:43] [main/INFO] [GradleStart]: No arguments specified, assuming client.
[13:12:43] [main/INFO] [GradleStart]: Extra: []
[13:18:27] [main/INFO] [GradleStart]: No arguments specified, assuming client.
[13:18:27] [main/INFO] [GradleStart]: Extra: []
[13:18:58] [main/INFO] [GradleStart]: Extra: [--refresh-dependencies]
[13:21:42] [main/INFO] [GradleStart]: No arguments specified, assuming client.
[13:21:42] [main/INFO] [GradleStart]: Extra: []
[13:22:20] [main/INFO] [GradleStart]: No arguments specified, assuming client.
[13:22:20] [main/INFO] [GradleStart]: Extra: []
[13:22:20] [main/INFO] [GradleStart]: Running with arguments: [--userProperties, {}, --username, ForgeDevName, --tweakClass, cpw.mods.fml.common.launcher.FMLTweaker, --accessToken, {REDACTED}, --assetIndex, {ASSET_INDEX}, --assetsDir, C:/Users/Admin/.gradle/caches/minecraft/assets, --version, 1.7.10]
[13:22:20] [main/INFO] [LaunchWrapper]: Loading tweak class name cpw.mods.fml.common.launcher.FMLTweaker
[13:22:20] [main/INFO] [LaunchWrapper]: Using primary tweak class name cpw.mods.fml.common.launcher.FMLTweaker
[13:22:20] [main/INFO] [LaunchWrapper]: Calling tweak class cpw.mods.fml.common.launcher.FMLTweaker
[13:43:47] [main/INFO] [GradleStart]: No arguments specified, assuming client.
[13:43:47] [main/INFO] [GradleStart]: Extra: []
[13:43:47] [main/INFO] [GradleStart]: Running with arguments: [--userProperties, {}, --username, ForgeDevName, --tweakClass, cpw.mods.fml.common.launcher.FMLTweaker, --accessToken, {REDACTED}, --assetIndex, {ASSET_INDEX}, --assetsDir, C:/Users/Admin/.gradle/caches/minecraft/assets, --version, 1.7.10]
[13:43:47] [main/INFO] [LaunchWrapper]: Loading tweak class name cpw.mods.fml.common.launcher.FMLTweaker
[13:43:47] [main/INFO] [LaunchWrapper]: Using primary tweak class name cpw.mods.fml.common.launcher.FMLTweaker
[13:43:47] [main/INFO] [LaunchWrapper]: Calling tweak class cpw.mods.fml.common.launcher.FMLTweaker
[16:32:55] [main/INFO] [GradleStart]: No arguments specified, assuming client.
[16:32:55] [main/INFO] [GradleStart]: Extra: []
[16:32:55] [main/INFO] [GradleStart]: Running with arguments: [--userProperties, {}, --username, ForgeDevName, --tweakClass, cpw.mods.fml.common.launcher.FMLTweaker, --accessToken, {REDACTED}, --assetIndex, {ASSET_INDEX}, --assetsDir, C:/Users/Admin/.gradle/caches/minecraft/assets, --version, 1.7.10]
[16:32:56] [main/INFO] [LaunchWrapper]: Loading tweak class name cpw.mods.fml.common.launcher.FMLTweaker
[16:32:56] [main/INFO] [LaunchWrapper]: Using primary tweak class name cpw.mods.fml.common.launcher.FMLTweaker
[16:32:56] [main/INFO] [LaunchWrapper]: Calling tweak class cpw.mods.fml.common.launcher.FMLTweaker
[16:34:39] [main/INFO] [GradleStart]: No arguments specified, assuming client.
[16:34:39] [main/INFO] [GradleStart]: Extra: []
[16:34:39] [main/INFO] [GradleStart]: Running with arguments: [--userProperties, {}, --username, ForgeDevName, --tweakClass, cpw.mods.fml.common.launcher.FMLTweaker, --accessToken, {REDACTED}, --assetIndex, {ASSET_INDEX}, --assetsDir, C:/Users/Admin/.gradle/caches/minecraft/assets, --version, 1.7.10]
[16:34:39] [main/INFO] [LaunchWrapper]: Loading tweak class name cpw.mods.fml.common.launcher.FMLTweaker
[16:34:39] [main/INFO] [LaunchWrapper]: Using primary tweak class name cpw.mods.fml.common.launcher.FMLTweaker
[16:34:39] [main/INFO] [LaunchWrapper]: Calling tweak class cpw.mods.fml.common.launcher.FMLTweaker
[19:53:33] [main/INFO] [GradleStart]: No arguments specified, assuming client.
[19:53:33] [main/INFO] [GradleStart]: Extra: []
[19:53:33] [main/INFO] [GradleStart]: Running with arguments: [--userProperties, {}, --username, ForgeDevName, --tweakClass, cpw.mods.fml.common.launcher.FMLTweaker, --accessToken, {REDACTED}, --assetIndex, {ASSET_INDEX}, --assetsDir, C:/Users/Admin/.gradle/caches/minecraft/assets, --version, 1.7.10]
[19:53:33] [main/INFO] [LaunchWrapper]: Loading tweak class name cpw.mods.fml.common.launcher.FMLTweaker
[19:53:33] [main/INFO] [LaunchWrapper]: Using primary tweak class name cpw.mods.fml.common.launcher.FMLTweaker
[19:53:33] [main/INFO] [LaunchWrapper]: Calling tweak class cpw.mods.fml.common.launcher.FMLTweaker
[19:54:02] [main/INFO] [GradleStart]: No arguments specified, assuming client.
[19:54:02] [main/INFO] [GradleStart]: Extra: []
[19:54:02] [main/INFO] [GradleStart]: Running with arguments: [--userProperties, {}, --username, ForgeDevName, --tweakClass, cpw.mods.fml.common.launcher.FMLTweaker, --accessToken, {REDACTED}, --assetIndex, {ASSET_INDEX}, --assetsDir, C:/Users/Admin/.gradle/caches/minecraft/assets, --version, 1.7.10]
[19:54:02] [main/INFO] [LaunchWrapper]: Loading tweak class name cpw.mods.fml.common.launcher.FMLTweaker
[19:54:02] [main/INFO] [LaunchWrapper]: Using primary tweak class name cpw.mods.fml.common.launcher.FMLTweaker
[19:54:02] [main/INFO] [LaunchWrapper]: Calling tweak class cpw.mods.fml.common.launcher.FMLTweaker
[20:24:17] [main/INFO] [GradleStart]: No arguments specified, assuming client.
[20:24:17] [main/INFO] [GradleStart]: Extra: []
[21:05:47] [main/INFO] [GradleStart]: No arguments specified, assuming client.
[21:05:47] [main/INFO] [GradleStart]: Extra: []
[21:06:13] [main/INFO] [GradleStart]: No arguments specified, assuming client.
[21:06:13] [main/INFO] [GradleStart]: Extra: []
[21:06:13] [main/INFO] [GradleStart]: Running with arguments: [--userProperties, {}, --username, ForgeDevName, --tweakClass, cpw.mods.fml.common.launcher.FMLTweaker, --accessToken, {REDACTED}, --assetIndex, {ASSET_INDEX}, --assetsDir, C:/Users/Admin/.gradle/caches/minecraft/assets, --version, 1.7.10]
[21:06:13] [main/INFO] [LaunchWrapper]: Loading tweak class name cpw.mods.fml.common.launcher.FMLTweaker
[21:06:13] [main/INFO] [LaunchWrapper]: Using primary tweak class name cpw.mods.fml.common.launcher.FMLTweaker
[21:06:13] [main/INFO] [LaunchWrapper]: Calling tweak class cpw.mods.fml.common.launcher.FMLTweaker
[21:23:33] [main/INFO] [GradleStart]: No arguments specified, assuming client.
[21:23:33] [main/INFO] [GradleStart]: Extra: []
[21:23:33] [main/INFO] [GradleStart]: Running with arguments: [--userProperties, {}, --username, ForgeDevName, --tweakClass, cpw.mods.fml.common.launcher.FMLTweaker, --accessToken, {REDACTED}, --assetIndex, 1.7.10, --assetsDir, C:/Users/Admin/.gradle/caches/minecraft/assets, --version, 1.7.10]
[21:23:33] [main/INFO] [LaunchWrapper]: Loading tweak class name cpw.mods.fml.common.launcher.FMLTweaker
[21:23:33] [main/INFO] [LaunchWrapper]: Using primary tweak class name cpw.mods.fml.common.launcher.FMLTweaker
[21:23:33] [main/INFO] [LaunchWrapper]: Calling tweak class cpw.mods.fml.common.launcher.FMLTweaker
[22:59:51] [main/INFO] [GradleStart]: No arguments specified, assuming client.
[22:59:51] [main/INFO] [GradleStart]: Extra: []
[22:59:51] [main/INFO] [GradleStart]: Running with arguments: [--userProperties, {}, --username, ForgeDevName, --tweakClass, cpw.mods.fml.common.launcher.FMLTweaker, --accessToken, {REDACTED}, --assetIndex, 1.7.10, --assetsDir, C:/Users/Admin/.gradle/caches/minecraft/assets, --version, 1.7.10]
[22:59:51] [main/INFO] [LaunchWrapper]: Loading tweak class name cpw.mods.fml.common.launcher.FMLTweaker
[22:59:51] [main/INFO] [LaunchWrapper]: Using primary tweak class name cpw.mods.fml.common.launcher.FMLTweaker
[22:59:51] [main/INFO] [LaunchWrapper]: Calling tweak class cpw.mods.fml.common.launcher.FMLTweaker
[23:01:03] [main/INFO] [GradleStart]: No arguments specified, assuming client.
[23:01:03] [main/INFO] [GradleStart]: Extra: []
[23:01:03] [main/INFO] [GradleStart]: Running with arguments: [--userProperties, {}, --username, ForgeDevName, --tweakClass, cpw.mods.fml.common.launcher.FMLTweaker, --accessToken, {REDACTED}, --assetIndex, 1.7.10, --assetsDir, C:/Users/Admin/.gradle/caches/minecraft/assets, --version, 1.7.10]
[23:01:03] [main/INFO] [LaunchWrapper]: Loading tweak class name cpw.mods.fml.common.launcher.FMLTweaker
[23:01:03] [main/INFO] [LaunchWrapper]: Using primary tweak class name cpw.mods.fml.common.launcher.FMLTweaker
[23:01:03] [main/INFO] [LaunchWrapper]: Calling tweak class cpw.mods.fml.common.launcher.FMLTweaker
[23:07:00] [main/INFO] [GradleStart]: No arguments specified, assuming client.
[23:07:00] [main/INFO] [GradleStart]: Extra: []
[23:07:00] [main/INFO] [GradleStart]: Running with arguments: [--userProperties, {}, --username, ForgeDevName, --tweakClass, cpw.mods.fml.common.launcher.FMLTweaker, --accessToken, {REDACTED}, --assetIndex, 1.7.10, --assetsDir, C:/Users/Admin/.gradle/caches/minecraft/assets, --version, 1.7.10]
[23:07:00] [main/INFO] [LaunchWrapper]: Loading tweak class name cpw.mods.fml.common.launcher.FMLTweaker
[23:07:00] [main/INFO] [LaunchWrapper]: Using primary tweak class name cpw.mods.fml.common.launcher.FMLTweaker
[23:07:00] [main/INFO] [LaunchWrapper]: Calling tweak class cpw.mods.fml.common.launcher.FMLTweaker
[23:09:31] [main/INFO] [GradleStart]: No arguments specified, assuming client.
[23:09:31] [main/INFO] [GradleStart]: Extra: []
[23:09:31] [main/INFO] [GradleStart]: Running with arguments: [--userProperties, {}, --username, ForgeDevName, --tweakClass, cpw.mods.fml.common.launcher.FMLTweaker, --accessToken, {REDACTED}, --assetIndex, 1.7.10, --assetsDir, C:/Users/Admin/.gradle/caches/minecraft/assets, --version, 1.7.10]
[23:09:31] [main/INFO] [LaunchWrapper]: Loading tweak class name cpw.mods.fml.common.launcher.FMLTweaker
[23:09:31] [main/INFO] [LaunchWrapper]: Using primary tweak class name cpw.mods.fml.common.launcher.FMLTweaker
[23:09:31] [main/INFO] [LaunchWrapper]: Calling tweak class cpw.mods.fml.common.launcher.FMLTweaker
[23:10:39] [main/INFO] [GradleStart]: No arguments specified, assuming client.
[23:10:39] [main/INFO] [GradleStart]: Extra: []
[23:10:39] [main/INFO] [GradleStart]: Running with arguments: [--userProperties, {}, --username, ForgeDevName, --tweakClass, cpw.mods.fml.common.launcher.FMLTweaker, --accessToken, {REDACTED}, --assetIndex, 1.7.10, --assetsDir, C:/Users/Admin/.gradle/caches/minecraft/assets, --version, 1.7.10]
[23:10:39] [main/INFO] [LaunchWrapper]: Loading tweak class name cpw.mods.fml.common.launcher.FMLTweaker
[23:10:39] [main/INFO] [LaunchWrapper]: Using primary tweak class name cpw.mods.fml.common.launcher.FMLTweaker
[23:10:39] [main/INFO] [LaunchWrapper]: Calling tweak class cpw.mods.fml.common.launcher.FMLTweaker
[23:14:34] [main/INFO] [GradleStart]: No arguments specified, assuming client.
[23:14:34] [main/INFO] [GradleStart]: Extra: []
[23:14:34] [main/INFO] [GradleStart]: Running with arguments: [--userProperties, {}, --username, ForgeDevName, --tweakClass, cpw.mods.fml.common.launcher.FMLTweaker, --accessToken, {REDACTED}, --assetIndex, 1.7.10, --assetsDir, C:/Users/Admin/.gradle/caches/minecraft/assets, --version, 1.7.10]
[23:14:34] [main/INFO] [LaunchWrapper]: Loading tweak class name cpw.mods.fml.common.launcher.FMLTweaker
[23:14:34] [main/INFO] [LaunchWrapper]: Using primary tweak class name cpw.mods.fml.common.launcher.FMLTweaker
[23:14:34] [main/INFO] [LaunchWrapper]: Calling tweak class cpw.mods.fml.common.launcher.FMLTweaker
[23:16:08] [main/INFO] [GradleStart]: No arguments specified, assuming client.
[23:16:09] [main/INFO] [GradleStart]: Extra: []
[23:16:09] [main/INFO] [GradleStart]: Running with arguments: [--userProperties, {}, --username, ForgeDevName, --tweakClass, cpw.mods.fml.common.launcher.FMLTweaker, --accessToken, {REDACTED}, --assetIndex, 1.7.10, --assetsDir, C:/Users/Admin/.gradle/caches/minecraft/assets, --version, 1.7.10]
[23:16:09] [main/INFO] [LaunchWrapper]: Loading tweak class name cpw.mods.fml.common.launcher.FMLTweaker
[23:16:09] [main/INFO] [LaunchWrapper]: Using primary tweak class name cpw.mods.fml.common.launcher.FMLTweaker
[23:16:09] [main/INFO] [LaunchWrapper]: Calling tweak class cpw.mods.fml.common.launcher.FMLTweaker
[23:43:00] [main/INFO] [GradleStart]: assetIndex: 1.7.10
[23:43:00] [main/INFO] [GradleStart]: Extra: []
[23:43:00] [main/INFO] [GradleStart]: Running with arguments: [--userProperties, {}, --username, ForgeDevName, --tweakClass, cpw.mods.fml.common.launcher.FMLTweaker, --accessToken, {REDACTED}, --assetIndex, 1.7.10, --assetsDir, C:/Users/Admin/.gradle/caches/minecraft/assets, --version, 1.7.10]
[23:43:00] [main/INFO] [LaunchWrapper]: Loading tweak class name cpw.mods.fml.common.launcher.FMLTweaker
[23:43:00] [main/INFO] [LaunchWrapper]: Using primary tweak class name cpw.mods.fml.common.launcher.FMLTweaker
[23:43:00] [main/INFO] [LaunchWrapper]: Calling tweak class cpw.mods.fml.common.launcher.FMLTweaker
[12:52:29] [main/INFO] [GradleStart]: assetIndex: 1.7.10
[12:52:29] [main/INFO] [GradleStart]: Extra: []
[12:52:29] [main/INFO] [GradleStart]: Running with arguments: [--userProperties, {}, --username, ForgeDevName, --tweakClass, cpw.mods.fml.common.launcher.FMLTweaker, --accessToken, {REDACTED}, --assetIndex, 1.7.10, --assetsDir, C:/Users/Admin/.gradle/caches/minecraft/assets, --version, 1.7.10]
[12:52:29] [main/INFO] [LaunchWrapper]: Loading tweak class name cpw.mods.fml.common.launcher.FMLTweaker
[12:52:29] [main/INFO] [LaunchWrapper]: Using primary tweak class name cpw.mods.fml.common.launcher.FMLTweaker
[12:52:29] [main/INFO] [LaunchWrapper]: Calling tweak class cpw.mods.fml.common.launcher.FMLTweaker
[13:53:17] [main/INFO] [GradleStart]: assetIndex: 1.7.10
[13:53:17] [main/INFO] [GradleStart]: Extra: []
[13:53:17] [main/INFO] [GradleStart]: Running with arguments: [--userProperties, {}, --username, ForgeDevName, --tweakClass, cpw.mods.fml.common.launcher.FMLTweaker, --accessToken, {REDACTED}, --assetIndex, 1.7.10, --assetsDir, C:/Users/Admin/.gradle/caches/minecraft/assets, --version, 1.7.10]
[13:53:17] [main/INFO] [LaunchWrapper]: Loading tweak class name cpw.mods.fml.common.launcher.FMLTweaker
[13:53:17] [main/INFO] [LaunchWrapper]: Using primary tweak class name cpw.mods.fml.common.launcher.FMLTweaker
[13:53:17] [main/INFO] [LaunchWrapper]: Calling tweak class cpw.mods.fml.common.launcher.FMLTweaker
[13:53:59] [main/INFO] [GradleStart]: assetIndex: 1.7.10
[13:53:59] [main/INFO] [GradleStart]: Extra: []
[13:54:00] [main/INFO] [GradleStart]: Running with arguments: [--userProperties, {}, --username, ForgeDevName, --tweakClass, cpw.mods.fml.common.launcher.FMLTweaker, --accessToken, {REDACTED}, --assetIndex, 1.7.10, --assetsDir, C:/Users/Admin/.gradle/caches/minecraft/assets, --version, 1.7.10]
[13:54:00] [main/INFO] [LaunchWrapper]: Loading tweak class name cpw.mods.fml.common.launcher.FMLTweaker
[13:54:00] [main/INFO] [LaunchWrapper]: Using primary tweak class name cpw.mods.fml.common.launcher.FMLTweaker
[13:54:00] [main/INFO] [LaunchWrapper]: Calling tweak class cpw.mods.fml.common.launcher.FMLTweaker
[14:46:31] [main/INFO] [GradleStart]: assetIndex: 1.7.10
[14:46:31] [main/INFO] [GradleStart]: Extra: []
[14:46:31] [main/INFO] [GradleStart]: Running with arguments: [--userProperties, {}, --username, ForgeDevName, --tweakClass, cpw.mods.fml.common.launcher.FMLTweaker, --accessToken, {REDACTED}, --assetIndex, 1.7.10, --assetsDir, C:/Users/Admin/.gradle/caches/minecraft/assets, --version, 1.7.10]
[14:46:31] [main/INFO] [LaunchWrapper]: Loading tweak class name cpw.mods.fml.common.launcher.FMLTweaker
[14:46:31] [main/INFO] [LaunchWrapper]: Using primary tweak class name cpw.mods.fml.common.launcher.FMLTweaker
[14:46:31] [main/INFO] [LaunchWrapper]: Calling tweak class cpw.mods.fml.common.launcher.FMLTweaker
[14:52:43] [main/INFO] [GradleStart]: assetIndex: 1.7.10
[14:52:43] [main/INFO] [GradleStart]: Extra: []
[14:52:43] [main/INFO] [GradleStart]: Running with arguments: [--userProperties, {}, --username, ForgeDevName, --tweakClass, cpw.mods.fml.common.launcher.FMLTweaker, --accessToken, {REDACTED}, --assetIndex, 1.7.10, --assetsDir, C:/Users/Admin/.gradle/caches/minecraft/assets, --version, 1.7.10]
[14:52:43] [main/INFO] [LaunchWrapper]: Loading tweak class name cpw.mods.fml.common.launcher.FMLTweaker
[14:52:43] [main/INFO] [LaunchWrapper]: Using primary tweak class name cpw.mods.fml.common.launcher.FMLTweaker
[14:52:43] [main/INFO] [LaunchWrapper]: Calling tweak class cpw.mods.fml.common.launcher.FMLTweaker
[15:04:12] [main/INFO] [GradleStart]: assetIndex: 1.7.10
[15:04:12] [main/INFO] [GradleStart]: Extra: []
[15:04:12] [main/INFO] [GradleStart]: Running with arguments: [--userProperties, {}, --username, ForgeDevName, --tweakClass, cpw.mods.fml.common.launcher.FMLTweaker, --accessToken, {REDACTED}, --assetIndex, 1.7.10, --assetsDir, C:/Users/Admin/.gradle/caches/minecraft/assets, --version, 1.7.10]
[15:04:12] [main/INFO] [LaunchWrapper]: Loading tweak class name cpw.mods.fml.common.launcher.FMLTweaker
[15:04:12] [main/INFO] [LaunchWrapper]: Using primary tweak class name cpw.mods.fml.common.launcher.FMLTweaker
[15:04:12] [main/INFO] [LaunchWrapper]: Calling tweak class cpw.mods.fml.common.launcher.FMLTweaker
[15:16:08] [main/INFO] [GradleStart]: assetIndex: 1.7.10
[15:16:08] [main/INFO] [GradleStart]: Extra: []
[15:16:08] [main/INFO] [GradleStart]: Running with arguments: [--userProperties, {}, --username, ForgeDevName, --tweakClass, cpw.mods.fml.common.launcher.FMLTweaker, --accessToken, {REDACTED}, --assetIndex, 1.7.10, --assetsDir, C:/Users/Admin/.gradle/caches/minecraft/assets, --version, 1.7.10]
[15:16:08] [main/INFO] [LaunchWrapper]: Loading tweak class name cpw.mods.fml.common.launcher.FMLTweaker
[15:16:08] [main/INFO] [LaunchWrapper]: Using primary tweak class name cpw.mods.fml.common.launcher.FMLTweaker
[15:16:08] [main/INFO] [LaunchWrapper]: Calling tweak class cpw.mods.fml.common.launcher.FMLTweaker
[15:25:51] [main/INFO] [GradleStart]: assetIndex: 1.7.10
[15:25:51] [main/INFO] [GradleStart]: Extra: []
[15:25:51] [main/INFO] [GradleStart]: Running with arguments: [--userProperties, {}, --username, ForgeDevName, --tweakClass, cpw.mods.fml.common.launcher.FMLTweaker, --accessToken, {REDACTED}, --assetIndex, 1.7.10, --assetsDir, C:/Users/Admin/.gradle/caches/minecraft/assets, --version, 1.7.10]
[15:25:51] [main/INFO] [LaunchWrapper]: Loading tweak class name cpw.mods.fml.common.launcher.FMLTweaker
[15:25:51] [main/INFO] [LaunchWrapper]: Using primary tweak class name cpw.mods.fml.common.launcher.FMLTweaker
[15:25:51] [main/INFO] [LaunchWrapper]: Calling tweak class cpw.mods.fml.common.launcher.FMLTweaker
[15:28:58] [main/INFO] [GradleStart]: assetIndex: 1.7.10
[15:28:58] [main/INFO] [GradleStart]: Extra: []
[15:28:58] [main/INFO] [GradleStart]: Running with arguments: [--userProperties, {}, --username, ForgeDevName, --tweakClass, cpw.mods.fml.common.launcher.FMLTweaker, --accessToken, {REDACTED}, --assetIndex, 1.7.10, --assetsDir, C:/Users/Admin/.gradle/caches/minecraft/assets, --version, 1.7.10]
[15:28:58] [main/INFO] [LaunchWrapper]: Loading tweak class name cpw.mods.fml.common.launcher.FMLTweaker
[15:28:59] [main/INFO] [LaunchWrapper]: Using primary tweak class name cpw.mods.fml.common.launcher.FMLTweaker
[15:28:59] [main/INFO] [LaunchWrapper]: Calling tweak class cpw.mods.fml.common.launcher.FMLTweaker
[15:36:05] [main/INFO] [GradleStart]: assetIndex: 1.7.10
[15:36:05] [main/INFO] [GradleStart]: assetsDir: C:\MCMod\ModdingTest\src\main\resources\assets
[15:36:05] [main/INFO] [GradleStart]: Extra: []
[15:36:53] [main/INFO] [GradleStart]: assetIndex: 1.7.10
[15:36:53] [main/INFO] [GradleStart]: assetsDir: C:\Users\Admin\.gradle\caches\minecraft\assets
[15:36:53] [main/INFO] [GradleStart]: Extra: []
[15:36:53] [main/INFO] [GradleStart]: Running with arguments: [--userProperties, {}, --username, ForgeDevName, --tweakClass, cpw.mods.fml.common.launcher.FMLTweaker, --accessToken, {REDACTED}, --assetIndex, 1.7.10, --assetsDir, C:\Users\Admin\.gradle\caches\minecraft\assets, --version, 1.7.10]
[15:36:53] [main/INFO] [LaunchWrapper]: Loading tweak class name cpw.mods.fml.common.launcher.FMLTweaker
[15:36:53] [main/INFO] [LaunchWrapper]: Using primary tweak class name cpw.mods.fml.common.launcher.FMLTweaker
[15:36:53] [main/INFO] [LaunchWrapper]: Calling tweak class cpw.mods.fml.common.launcher.FMLTweaker
[16:09:29] [main/INFO] [GradleStart]: assetIndex: 1.7.10
[16:09:29] [main/INFO] [GradleStart]: assetsDir: C:\Users\Admin\.gradle\caches\minecraft\assets
[16:09:29] [main/INFO] [GradleStart]: Extra: []
[16:09:29] [main/INFO] [GradleStart]: Running with arguments: [--userProperties, {}, --username, ForgeDevName, --tweakClass, cpw.mods.fml.common.launcher.FMLTweaker, --accessToken, {REDACTED}, --assetIndex, 1.7.10, --assetsDir, C:\Users\Admin\.gradle\caches\minecraft\assets, --version, 1.7.10]
[16:09:29] [main/INFO] [LaunchWrapper]: Loading tweak class name cpw.mods.fml.common.launcher.FMLTweaker
[16:09:29] [main/INFO] [LaunchWrapper]: Using primary tweak class name cpw.mods.fml.common.launcher.FMLTweaker
[16:09:29] [main/INFO] [LaunchWrapper]: Calling tweak class cpw.mods.fml.common.launcher.FMLTweaker
[16:11:02] [main/INFO] [GradleStart]: assetIndex: 1.7.10
[16:11:02] [main/INFO] [GradleStart]: assetsDir: C:\Users\Admin\.gradle\caches\minecraft\assets
[16:11:02] [main/INFO] [GradleStart]: Extra: []
[16:11:02] [main/INFO] [GradleStart]: Running with arguments: [--userProperties, {}, --username, ForgeDevName, --tweakClass, cpw.mods.fml.common.launcher.FMLTweaker, --accessToken, {REDACTED}, --assetIndex, 1.7.10, --assetsDir, C:\Users\Admin\.gradle\caches\minecraft\assets, --version, 1.7.10]
[16:11:02] [main/INFO] [LaunchWrapper]: Loading tweak class name cpw.mods.fml.common.launcher.FMLTweaker
[16:11:02] [main/INFO] [LaunchWrapper]: Using primary tweak class name cpw.mods.fml.common.launcher.FMLTweaker
[16:11:02] [main/INFO] [LaunchWrapper]: Calling tweak class cpw.mods.fml.common.launcher.FMLTweaker
[16:17:49] [main/INFO] [GradleStart]: assetIndex: 1.7.10
[16:17:49] [main/INFO] [GradleStart]: assetsDir: C:\Users\Admin\.gradle\caches\minecraft\assets
[16:17:49] [main/INFO] [GradleStart]: Extra: []
[16:17:49] [main/INFO] [GradleStart]: Running with arguments: [--userProperties, {}, --username, ForgeDevName, --tweakClass, cpw.mods.fml.common.launcher.FMLTweaker, --accessToken, {REDACTED}, --assetIndex, 1.7.10, --assetsDir, C:\Users\Admin\.gradle\caches\minecraft\assets, --version, 1.7.10]
[16:17:49] [main/INFO] [LaunchWrapper]: Loading tweak class name cpw.mods.fml.common.launcher.FMLTweaker
[16:17:49] [main/INFO] [LaunchWrapper]: Using primary tweak class name cpw.mods.fml.common.launcher.FMLTweaker
[16:17:49] [main/INFO] [LaunchWrapper]: Calling tweak class cpw.mods.fml.common.launcher.FMLTweaker
[16:18:28] [main/INFO] [GradleStart]: assetIndex: 1.7.10
[16:18:28] [main/INFO] [GradleStart]: assetsDir: C:\Users\Admin\.gradle\caches\minecraft\assets
[16:18:28] [main/INFO] [GradleStart]: Extra: []
[16:18:28] [main/INFO] [GradleStart]: Running with arguments: [--userProperties, {}, --username, ForgeDevName, --tweakClass, cpw.mods.fml.common.launcher.FMLTweaker, --accessToken, {REDACTED}, --assetIndex, 1.7.10, --assetsDir, C:\Users\Admin\.gradle\caches\minecraft\assets, --version, 1.7.10]
[16:18:28] [main/INFO] [LaunchWrapper]: Loading tweak class name cpw.mods.fml.common.launcher.FMLTweaker
[16:18:28] [main/INFO] [LaunchWrapper]: Using primary tweak class name cpw.mods.fml.common.launcher.FMLTweaker
[16:18:28] [main/INFO] [LaunchWrapper]: Calling tweak class cpw.mods.fml.common.launcher.FMLTweaker
[16:44:42] [main/INFO] [GradleStart]: assetIndex: 1.7.10
[16:44:42] [main/INFO] [GradleStart]: assetsDir: C:\Users\Admin\.gradle\caches\minecraft\assets
[16:44:42] [main/INFO] [GradleStart]: Extra: []
[16:44:42] [main/INFO] [GradleStart]: Running with arguments: [--userProperties, {}, --username, ForgeDevName, --tweakClass, cpw.mods.fml.common.launcher.FMLTweaker, --accessToken, {REDACTED}, --assetIndex, 1.7.10, --assetsDir, C:\Users\Admin\.gradle\caches\minecraft\assets, --version, 1.7.10]
[16:44:42] [main/INFO] [LaunchWrapper]: Loading tweak class name cpw.mods.fml.common.launcher.FMLTweaker
[16:44:42] [main/INFO] [LaunchWrapper]: Using primary tweak class name cpw.mods.fml.common.launcher.FMLTweaker
[16:44:42] [main/INFO] [LaunchWrapper]: Calling tweak class cpw.mods.fml.common.launcher.FMLTweaker
[16:46:33] [main/INFO] [GradleStart]: assetIndex: 1.7.10
[16:46:33] [main/INFO] [GradleStart]: assetsDir: C:\Users\Admin\.gradle\caches\minecraft\assets
[16:46:33] [main/INFO] [GradleStart]: Extra: []
[16:46:33] [main/INFO] [GradleStart]: Running with arguments: [--userProperties, {}, --username, ForgeDevName, --tweakClass, cpw.mods.fml.common.launcher.FMLTweaker, --accessToken, {REDACTED}, --assetIndex, 1.7.10, --assetsDir, C:\Users\Admin\.gradle\caches\minecraft\assets, --version, 1.7.10]
[16:46:33] [main/INFO] [LaunchWrapper]: Loading tweak class name cpw.mods.fml.common.launcher.FMLTweaker
[16:46:33] [main/INFO] [LaunchWrapper]: Using primary tweak class name cpw.mods.fml.common.launcher.FMLTweaker
[16:46:33] [main/INFO] [LaunchWrapper]: Calling tweak class cpw.mods.fml.common.launcher.FMLTweaker
[16:50:02] [main/INFO] [GradleStart]: assetIndex: 1.7.10
[16:50:02] [main/INFO] [GradleStart]: assetsDir: C:\Users\Admin\.gradle\caches\minecraft\assets
[16:50:02] [main/INFO] [GradleStart]: Extra: []
[16:50:02] [main/INFO] [GradleStart]: Running with arguments: [--userProperties, {}, --username, ForgeDevName, --tweakClass, cpw.mods.fml.common.launcher.FMLTweaker, --accessToken, {REDACTED}, --assetIndex, 1.7.10, --assetsDir, C:\Users\Admin\.gradle\caches\minecraft\assets, --version, 1.7.10]
[16:50:02] [main/INFO] [LaunchWrapper]: Loading tweak class name cpw.mods.fml.common.launcher.FMLTweaker
[16:50:02] [main/INFO] [LaunchWrapper]: Using primary tweak class name cpw.mods.fml.common.launcher.FMLTweaker
[16:50:02] [main/INFO] [LaunchWrapper]: Calling tweak class cpw.mods.fml.common.launcher.FMLTweaker
[16:59:15] [main/INFO] [GradleStart]: assetIndex: 1.7.10
[16:59:15] [main/INFO] [GradleStart]: assetsDir: C:\Users\Admin\.gradle\caches\minecraft\assets
[16:59:15] [main/INFO] [GradleStart]: Extra: []
[16:59:15] [main/INFO] [GradleStart]: Running with arguments: [--userProperties, {}, --username, ForgeDevName, --tweakClass, cpw.mods.fml.common.launcher.FMLTweaker, --accessToken, {REDACTED}, --assetIndex, 1.7.10, --assetsDir, C:\Users\Admin\.gradle\caches\minecraft\assets, --version, 1.7.10]
[16:59:15] [main/INFO] [LaunchWrapper]: Loading tweak class name cpw.mods.fml.common.launcher.FMLTweaker
[16:59:15] [main/INFO] [LaunchWrapper]: Using primary tweak class name cpw.mods.fml.common.launcher.FMLTweaker
[16:59:15] [main/INFO] [LaunchWrapper]: Calling tweak class cpw.mods.fml.common.launcher.FMLTweaker
[17:01:18] [main/INFO] [GradleStart]: assetIndex: 1.7.10
[17:01:18] [main/INFO] [GradleStart]: assetsDir: C:\Users\Admin\.gradle\caches\minecraft\assets
[17:01:18] [main/INFO] [GradleStart]: Extra: []
[17:01:18] [main/INFO] [GradleStart]: Running with arguments: [--userProperties, {}, --username, ForgeDevName, --tweakClass, cpw.mods.fml.common.launcher.FMLTweaker, --accessToken, {REDACTED}, --assetIndex, 1.7.10, --assetsDir, C:\Users\Admin\.gradle\caches\minecraft\assets, --version, 1.7.10]
[17:01:18] [main/INFO] [LaunchWrapper]: Loading tweak class name cpw.mods.fml.common.launcher.FMLTweaker
[17:01:18] [main/INFO] [LaunchWrapper]: Using primary tweak class name cpw.mods.fml.common.launcher.FMLTweaker
[17:01:18] [main/INFO] [LaunchWrapper]: Calling tweak class cpw.mods.fml.common.launcher.FMLTweaker
[17:21:09] [main/INFO] [GradleStart]: assetIndex: 1.7.10
[17:21:09] [main/INFO] [GradleStart]: assetsDir: C:\Users\Admin\.gradle\caches\minecraft\assets
[17:21:09] [main/INFO] [GradleStart]: Extra: []
[17:21:09] [main/INFO] [GradleStart]: Running with arguments: [--userProperties, {}, --username, ForgeDevName, --tweakClass, cpw.mods.fml.common.launcher.FMLTweaker, --accessToken, {REDACTED}, --assetIndex, 1.7.10, --assetsDir, C:\Users\Admin\.gradle\caches\minecraft\assets, --version, 1.7.10]
[17:21:09] [main/INFO] [LaunchWrapper]: Loading tweak class name cpw.mods.fml.common.launcher.FMLTweaker
[17:21:09] [main/INFO] [LaunchWrapper]: Using primary tweak class name cpw.mods.fml.common.launcher.FMLTweaker
[17:21:09] [main/INFO] [LaunchWrapper]: Calling tweak class cpw.mods.fml.common.launcher.FMLTweaker
[17:25:26] [main/INFO] [GradleStart]: assetIndex: 1.7.10
[17:25:26] [main/INFO] [GradleStart]: assetsDir: C:\Users\Admin\.gradle\caches\minecraft\assets
[17:25:26] [main/INFO] [GradleStart]: Extra: []
[17:25:26] [main/INFO] [GradleStart]: Running with arguments: [--userProperties, {}, --username, ForgeDevName, --tweakClass, cpw.mods.fml.common.launcher.FMLTweaker, --accessToken, {REDACTED}, --assetIndex, 1.7.10, --assetsDir, C:\Users\Admin\.gradle\caches\minecraft\assets, --version, 1.7.10]
[17:25:26] [main/INFO] [LaunchWrapper]: Loading tweak class name cpw.mods.fml.common.launcher.FMLTweaker
[17:25:26] [main/INFO] [LaunchWrapper]: Using primary tweak class name cpw.mods.fml.common.launcher.FMLTweaker
[17:25:26] [main/INFO] [LaunchWrapper]: Calling tweak class cpw.mods.fml.common.launcher.FMLTweaker
[12:54:06] [main/INFO] [GradleStart]: assetIndex: 1.7.10
[12:54:06] [main/INFO] [GradleStart]: assetsDir: C:\Users\Admin\.gradle\caches\minecraft\assets
[12:54:06] [main/INFO] [GradleStart]: Extra: []
[12:54:06] [main/INFO] [GradleStart]: Running with arguments: [--userProperties, {}, --username, ForgeDevName, --tweakClass, cpw.mods.fml.common.launcher.FMLTweaker, --accessToken, {REDACTED}, --assetIndex, 1.7.10, --assetsDir, C:\Users\Admin\.gradle\caches\minecraft\assets, --version, 1.7.10]
[12:54:06] [main/INFO] [LaunchWrapper]: Loading tweak class name cpw.mods.fml.common.launcher.FMLTweaker
[12:54:06] [main/INFO] [LaunchWrapper]: Using primary tweak class name cpw.mods.fml.common.launcher.FMLTweaker
[12:54:06] [main/INFO] [LaunchWrapper]: Calling tweak class cpw.mods.fml.common.launcher.FMLTweaker
[13:01:25] [main/INFO] [GradleStart]: assetIndex: 1.7.10
[13:01:25] [main/INFO] [GradleStart]: assetsDir: C:\Users\Admin\AppData\Roaming\.minecraft\assets
[13:01:25] [main/INFO] [GradleStart]: Extra: []
[13:01:26] [main/INFO] [GradleStart]: Running with arguments: [--userProperties, {}, --username, ForgeDevName, --tweakClass, cpw.mods.fml.common.launcher.FMLTweaker, --accessToken, {REDACTED}, --assetIndex, 1.7.10, --assetsDir, C:\Users\Admin\AppData\Roaming\.minecraft\assets, --version, 1.7.10]
[13:01:26] [main/INFO] [LaunchWrapper]: Loading tweak class name cpw.mods.fml.common.launcher.FMLTweaker
[13:01:26] [main/INFO] [LaunchWrapper]: Using primary tweak class name cpw.mods.fml.common.launcher.FMLTweaker
[13:01:26] [main/INFO] [LaunchWrapper]: Calling tweak class cpw.mods.fml.common.launcher.FMLTweaker
[13:04:31] [main/INFO] [GradleStart]: assetIndex: 1.7.10
[13:04:31] [main/INFO] [GradleStart]: assetsDir: eclipse/assets
[13:04:31] [main/INFO] [GradleStart]: Extra: []
[13:22:57] [main/INFO] [GradleStart]: assetIndex: 1.7.10
[13:22:58] [main/INFO] [GradleStart]: assetsDir: C:\Users\Admin\.gradle\caches\minecraft\assets
[13:22:58] [main/INFO] [GradleStart]: Extra: []
[13:22:58] [main/INFO] [GradleStart]: Running with arguments: [--userProperties, {}, --username, ForgeDevName, --tweakClass, cpw.mods.fml.common.launcher.FMLTweaker, --accessToken, {REDACTED}, --assetIndex, 1.7.10, --assetsDir, C:\Users\Admin\.gradle\caches\minecraft\assets, --version, 1.7.10]
[13:22:58] [main/INFO] [LaunchWrapper]: Loading tweak class name cpw.mods.fml.common.launcher.FMLTweaker
[13:22:58] [main/INFO] [LaunchWrapper]: Using primary tweak class name cpw.mods.fml.common.launcher.FMLTweaker
[13:22:58] [main/INFO] [LaunchWrapper]: Calling tweak class cpw.mods.fml.common.launcher.FMLTweaker
[13:35:02] [main/INFO] [GradleStart]: assetIndex: 1.7.10
[13:35:02] [main/INFO] [GradleStart]: assetsDir: C:\Users\Admin\.gradle\caches\minecraft\assets
[13:35:02] [main/INFO] [GradleStart]: Extra: []
[13:35:02] [main/INFO] [GradleStart]: Running with arguments: [--userProperties, {}, --username, ForgeDevName, --tweakClass, cpw.mods.fml.common.launcher.FMLTweaker, --accessToken, {REDACTED}, --assetIndex, 1.7.10, --assetsDir, C:\Users\Admin\.gradle\caches\minecraft\assets, --version, 1.7.10]
[13:35:02] [main/INFO] [LaunchWrapper]: Loading tweak class name cpw.mods.fml.common.launcher.FMLTweaker
[13:35:02] [main/INFO] [LaunchWrapper]: Using primary tweak class name cpw.mods.fml.common.launcher.FMLTweaker
[13:35:02] [main/INFO] [LaunchWrapper]: Calling tweak class cpw.mods.fml.common.launcher.FMLTweaker
[13:37:43] [main/INFO] [GradleStart]: assetIndex: 1.7.10
[13:37:43] [main/INFO] [GradleStart]: assetsDir: C:\Users\Admin\.gradle\caches\minecraft\assets
[13:37:43] [main/INFO] [GradleStart]: Extra: []
[13:37:43] [main/INFO] [GradleStart]: Running with arguments: [--userProperties, {}, --username, ForgeDevName, --tweakClass, cpw.mods.fml.common.launcher.FMLTweaker, --accessToken, {REDACTED}, --assetIndex, 1.7.10, --assetsDir, C:\Users\Admin\.gradle\caches\minecraft\assets, --version, 1.7.10]
[13:37:43] [main/INFO] [LaunchWrapper]: Loading tweak class name cpw.mods.fml.common.launcher.FMLTweaker
[13:37:43] [main/INFO] [LaunchWrapper]: Using primary tweak class name cpw.mods.fml.common.launcher.FMLTweaker
[13:37:43] [main/INFO] [LaunchWrapper]: Calling tweak class cpw.mods.fml.common.launcher.FMLTweaker
[14:42:15] [main/INFO] [GradleStart]: assetIndex: 1.7.10
[14:42:15] [main/INFO] [GradleStart]: assetsDir: C:\Users\Admin\.gradle\caches\minecraft\assets
[14:42:15] [main/INFO] [GradleStart]: Extra: []
[14:42:15] [main/INFO] [GradleStart]: Running with arguments: [--userProperties, {}, --username, ForgeDevName, --tweakClass, cpw.mods.fml.common.launcher.FMLTweaker, --accessToken, {REDACTED}, --assetIndex, 1.7.10, --assetsDir, C:\Users\Admin\.gradle\caches\minecraft\assets, --version, 1.7.10]
[14:42:15] [main/INFO] [LaunchWrapper]: Loading tweak class name cpw.mods.fml.common.launcher.FMLTweaker
[14:42:15] [main/INFO] [LaunchWrapper]: Using primary tweak class name cpw.mods.fml.common.launcher.FMLTweaker
[14:42:15] [main/INFO] [LaunchWrapper]: Calling tweak class cpw.mods.fml.common.launcher.FMLTweaker
[14:47:24] [main/INFO] [GradleStart]: assetIndex: 1.7.10
[14:47:24] [main/INFO] [GradleStart]: assetsDir: C:\Users\Admin\.gradle\caches\minecraft\assets
[14:47:24] [main/INFO] [GradleStart]: Extra: []
[14:47:24] [main/INFO] [GradleStart]: Running with arguments: [--userProperties, {}, --username, ForgeDevName, --tweakClass, cpw.mods.fml.common.launcher.FMLTweaker, --accessToken, {REDACTED}, --assetIndex, 1.7.10, --assetsDir, C:\Users\Admin\.gradle\caches\minecraft\assets, --version, 1.7.10]
[14:47:24] [main/INFO] [LaunchWrapper]: Loading tweak class name cpw.mods.fml.common.launcher.FMLTweaker
[14:47:24] [main/INFO] [LaunchWrapper]: Using primary tweak class name cpw.mods.fml.common.launcher.FMLTweaker
[14:47:24] [main/INFO] [LaunchWrapper]: Calling tweak class cpw.mods.fml.common.launcher.FMLTweaker
[14:48:28] [main/INFO] [GradleStart]: assetIndex: 1.7.10
[14:48:28] [main/INFO] [GradleStart]: assetsDir: C:\Users\Admin\.gradle\caches\minecraft\assets
[14:48:28] [main/INFO] [GradleStart]: Extra: []
[14:48:28] [main/INFO] [GradleStart]: Running with arguments: [--userProperties, {}, --username, ForgeDevName, --tweakClass, cpw.mods.fml.common.launcher.FMLTweaker, --accessToken, {REDACTED}, --assetIndex, 1.7.10, --assetsDir, C:\Users\Admin\.gradle\caches\minecraft\assets, --version, 1.7.10]
[14:48:28] [main/INFO] [LaunchWrapper]: Loading tweak class name cpw.mods.fml.common.launcher.FMLTweaker
[14:48:28] [main/INFO] [LaunchWrapper]: Using primary tweak class name cpw.mods.fml.common.launcher.FMLTweaker
[14:48:28] [main/INFO] [LaunchWrapper]: Calling tweak class cpw.mods.fml.common.launcher.FMLTweaker
[15:13:07] [main/INFO] [GradleStart]: assetIndex: 1.7.10
[15:13:07] [main/INFO] [GradleStart]: assetsDir: C:\Users\Admin\.gradle\caches\minecraft\assets
[15:13:07] [main/INFO] [GradleStart]: Extra: []
[15:13:07] [main/INFO] [GradleStart]: Running with arguments: [--userProperties, {}, --username, ForgeDevName, --tweakClass, cpw.mods.fml.common.launcher.FMLTweaker, --accessToken, {REDACTED}, --assetIndex, 1.7.10, --assetsDir, C:\Users\Admin\.gradle\caches\minecraft\assets, --version, 1.7.10]
[15:13:07] [main/INFO] [LaunchWrapper]: Loading tweak class name cpw.mods.fml.common.launcher.FMLTweaker
[15:13:08] [main/INFO] [LaunchWrapper]: Using primary tweak class name cpw.mods.fml.common.launcher.FMLTweaker
[15:13:08] [main/INFO] [LaunchWrapper]: Calling tweak class cpw.mods.fml.common.launcher.FMLTweaker
