[15:13:10] [main/INFO]: Setting user: ForgeDevName
[15:13:12] [Client thread/INFO]: LWJGL Version: 2.9.1
[15:13:16] [Client thread/INFO]: Reloading ResourceManager: Default, FMLFileResourcePack:Forge Mod Loader, FMLFileResourcePack:Minecraft Forge, FMLFileResourcePack:Modding Test
[15:13:17] [Sound Library Loader/INFO]: Sound engine started
[15:13:18] [Client thread/INFO]: Created: 512x256 textures/blocks-atlas
[15:13:18] [Client thread/INFO]: Created: 256x256 textures/items-atlas
[15:13:18] [Client thread/INFO]: Reloading ResourceManager: Default, FMLFileResourcePack:Forge Mod Loader, FMLFileResourcePack:Minecraft Forge, FMLFileResourcePack:Modding Test
[15:13:18] [Client thread/INFO]: Created: 256x256 textures/items-atlas
[15:13:18] [Client thread/INFO]: Created: 512x256 textures/blocks-atlas
[15:13:19] [Sound Library Loader/INFO]: Sound engine started
[15:13:44] [Server thread/INFO]: Starting integrated minecraft server version 1.7.10
[15:13:44] [Server thread/INFO]: Generating keypair
[15:13:44] [Server thread/INFO]: Preparing start region for level 0
[15:13:45] [Server thread/INFO]: Changing view distance to 12, from 10
[15:13:46] [Server thread/INFO]: ForgeDevName[local:E:30e518da] logged in with entity id 249 at (118.25973672703037, 4.0, -149.91047187856176)
[15:13:46] [Server thread/INFO]: ForgeDevName joined the game
[15:13:55] [Server thread/INFO]: Saving and pausing game...
[15:13:55] [Server thread/INFO]: Saving chunks for level 'New World'/Overworld
[15:13:55] [Server thread/INFO]: Saving chunks for level 'New World'/Nether
[15:13:55] [Server thread/INFO]: Saving chunks for level 'New World'/The End
[16:12:37] [Server thread/INFO]: Saving and pausing game...
[16:12:37] [Server thread/INFO]: Saving chunks for level 'New World'/Overworld
[16:12:37] [Server thread/INFO]: Saving chunks for level 'New World'/Nether
[16:12:37] [Server thread/INFO]: Saving chunks for level 'New World'/The End
[16:12:37] [Server thread/INFO]: Stopping server
[16:12:37] [Server thread/INFO]: Saving players
[16:12:37] [Server thread/INFO]: Saving worlds
[16:12:37] [Server thread/INFO]: Saving chunks for level 'New World'/Overworld
[16:12:37] [Server thread/INFO]: Saving chunks for level 'New World'/Nether
[16:12:37] [Server thread/INFO]: Saving chunks for level 'New World'/The End
[16:12:38] [Client thread/INFO]: Stopping!
