[13:15:50] [main/INFO]: Setting user: ForgeDevName
[13:15:51] [Client thread/INFO]: LWJGL Version: 2.9.1
[13:15:55] [Client thread/INFO]: Reloading ResourceManager: Default, FMLFileResourcePack:Forge Mod Loader, FMLFileResourcePack:Minecraft Forge, FMLFileResourcePack:Modding Test
[13:15:57] [Sound Library Loader/INFO]: Sound engine started
[13:16:10] [Client thread/INFO]: Created: 512x256 textures/blocks-atlas
[13:16:10] [Client thread/ERROR]: Using missing texture, unable to load moddingtest:textures/items/redstoneSchwert.png
java.io.FileNotFoundException: moddingtest:textures/items/redstoneSchwert.png
	at net.minecraft.client.resources.SimpleReloadableResourceManager.getResource(SimpleReloadableResourceManager.java:71) ~[SimpleReloadableResourceManager.class:?]
	at net.minecraft.client.renderer.texture.TextureMap.loadTextureAtlas(TextureMap.java:126) [TextureMap.class:?]
	at net.minecraft.client.renderer.texture.TextureMap.loadTexture(TextureMap.java:91) [TextureMap.class:?]
	at net.minecraft.client.renderer.texture.TextureManager.loadTexture(TextureManager.java:89) [TextureManager.class:?]
	at net.minecraft.client.renderer.texture.TextureManager.loadTickableTexture(TextureManager.java:71) [TextureManager.class:?]
	at net.minecraft.client.renderer.texture.TextureManager.loadTextureMap(TextureManager.java:58) [TextureManager.class:?]
	at net.minecraft.client.Minecraft.startGame(Minecraft.java:593) [Minecraft.class:?]
	at net.minecraft.client.Minecraft.run(Minecraft.java:941) [Minecraft.class:?]
	at net.minecraft.client.main.Main.main(Main.java:164) [Main.class:?]
	at sun.reflect.NativeMethodAccessorImpl.invoke0(Native Method) ~[?:1.7.0_65]
	at sun.reflect.NativeMethodAccessorImpl.invoke(Unknown Source) ~[?:1.7.0_65]
	at sun.reflect.DelegatingMethodAccessorImpl.invoke(Unknown Source) ~[?:1.7.0_65]
	at java.lang.reflect.Method.invoke(Unknown Source) ~[?:1.7.0_65]
	at net.minecraft.launchwrapper.Launch.launch(Launch.java:134) [launchwrapper-1.9.jar:?]
	at net.minecraft.launchwrapper.Launch.main(Launch.java:28) [launchwrapper-1.9.jar:?]
	at sun.reflect.NativeMethodAccessorImpl.invoke0(Native Method) ~[?:1.7.0_65]
	at sun.reflect.NativeMethodAccessorImpl.invoke(Unknown Source) ~[?:1.7.0_65]
	at sun.reflect.DelegatingMethodAccessorImpl.invoke(Unknown Source) ~[?:1.7.0_65]
	at java.lang.reflect.Method.invoke(Unknown Source) ~[?:1.7.0_65]
	at GradleStart.bounce(GradleStart.java:108) [start/:?]
	at GradleStart.startClient(GradleStart.java:101) [start/:?]
	at GradleStart.main(GradleStart.java:66) [start/:?]
[13:16:10] [Client thread/INFO]: Created: 256x256 textures/items-atlas
[13:16:11] [Client thread/INFO]: Reloading ResourceManager: Default, FMLFileResourcePack:Forge Mod Loader, FMLFileResourcePack:Minecraft Forge, FMLFileResourcePack:Modding Test
[13:16:11] [Client thread/ERROR]: Using missing texture, unable to load moddingtest:textures/items/redstoneSchwert.png
java.io.FileNotFoundException: moddingtest:textures/items/redstoneSchwert.png
	at net.minecraft.client.resources.SimpleReloadableResourceManager.getResource(SimpleReloadableResourceManager.java:71) ~[SimpleReloadableResourceManager.class:?]
	at net.minecraft.client.renderer.texture.TextureMap.loadTextureAtlas(TextureMap.java:126) [TextureMap.class:?]
	at net.minecraft.client.renderer.texture.TextureMap.loadTexture(TextureMap.java:91) [TextureMap.class:?]
	at net.minecraft.client.renderer.texture.TextureManager.loadTexture(TextureManager.java:89) [TextureManager.class:?]
	at net.minecraft.client.renderer.texture.TextureManager.onResourceManagerReload(TextureManager.java:170) [TextureManager.class:?]
	at net.minecraft.client.resources.SimpleReloadableResourceManager.notifyReloadListeners(SimpleReloadableResourceManager.java:134) [SimpleReloadableResourceManager.class:?]
	at net.minecraft.client.resources.SimpleReloadableResourceManager.reloadResources(SimpleReloadableResourceManager.java:118) [SimpleReloadableResourceManager.class:?]
	at net.minecraft.client.Minecraft.refreshResources(Minecraft.java:653) [Minecraft.class:?]
	at cpw.mods.fml.client.FMLClientHandler.finishMinecraftLoading(FMLClientHandler.java:303) [FMLClientHandler.class:?]
	at net.minecraft.client.Minecraft.startGame(Minecraft.java:596) [Minecraft.class:?]
	at net.minecraft.client.Minecraft.run(Minecraft.java:941) [Minecraft.class:?]
	at net.minecraft.client.main.Main.main(Main.java:164) [Main.class:?]
	at sun.reflect.NativeMethodAccessorImpl.invoke0(Native Method) ~[?:1.7.0_65]
	at sun.reflect.NativeMethodAccessorImpl.invoke(Unknown Source) ~[?:1.7.0_65]
	at sun.reflect.DelegatingMethodAccessorImpl.invoke(Unknown Source) ~[?:1.7.0_65]
	at java.lang.reflect.Method.invoke(Unknown Source) ~[?:1.7.0_65]
	at net.minecraft.launchwrapper.Launch.launch(Launch.java:134) [launchwrapper-1.9.jar:?]
	at net.minecraft.launchwrapper.Launch.main(Launch.java:28) [launchwrapper-1.9.jar:?]
	at sun.reflect.NativeMethodAccessorImpl.invoke0(Native Method) ~[?:1.7.0_65]
	at sun.reflect.NativeMethodAccessorImpl.invoke(Unknown Source) ~[?:1.7.0_65]
	at sun.reflect.DelegatingMethodAccessorImpl.invoke(Unknown Source) ~[?:1.7.0_65]
	at java.lang.reflect.Method.invoke(Unknown Source) ~[?:1.7.0_65]
	at GradleStart.bounce(GradleStart.java:108) [start/:?]
	at GradleStart.startClient(GradleStart.java:101) [start/:?]
	at GradleStart.main(GradleStart.java:66) [start/:?]
[13:16:11] [Client thread/INFO]: Created: 256x256 textures/items-atlas
[13:16:11] [Client thread/INFO]: Created: 512x256 textures/blocks-atlas
[13:16:12] [Sound Library Loader/INFO]: Sound engine started
[13:16:17] [Server thread/INFO]: Starting integrated minecraft server version 1.7.10
[13:16:17] [Server thread/INFO]: Generating keypair
[13:16:18] [Server thread/INFO]: Converting map!
[13:16:18] [Server thread/INFO]: Scanning folders...
[13:16:18] [Server thread/INFO]: Total conversion count is 0
[13:16:18] [Server thread/INFO]: Preparing start region for level 0
[13:16:19] [Server thread/INFO]: Preparing spawn area: 6%
[13:16:20] [Server thread/INFO]: Preparing spawn area: 16%
[13:16:21] [Server thread/INFO]: Preparing spawn area: 30%
[13:16:22] [Server thread/INFO]: Preparing spawn area: 46%
[13:16:23] [Server thread/INFO]: Preparing spawn area: 63%
[13:16:24] [Server thread/INFO]: Preparing spawn area: 79%
[13:16:25] [Server thread/INFO]: Preparing spawn area: 96%
[13:16:26] [Server thread/INFO]: Changing view distance to 12, from 10
[13:16:26] [Server thread/INFO]: ForgeDevName[local:E:56e5ef70] logged in with entity id 296 at (-125.5, 67.0, 193.5)
[13:16:26] [Server thread/INFO]: ForgeDevName joined the game
[13:16:29] [Client thread/INFO]: Warning: Clientside chunk ticking took 142 ms
[13:16:29] [Client thread/INFO]: Warning: Clientside chunk ticking took 130 ms
[13:16:30] [Client thread/INFO]: Warning: Clientside chunk ticking took 150 ms
[13:16:31] [Client thread/INFO]: Warning: Clientside chunk ticking took 239 ms
[13:16:31] [Client thread/INFO]: Warning: Clientside chunk ticking took 127 ms
[13:16:32] [Client thread/INFO]: Warning: Clientside chunk ticking took 133 ms
[13:16:32] [Client thread/INFO]: Warning: Clientside chunk ticking took 117 ms
[13:16:32] [Client thread/INFO]: Warning: Clientside chunk ticking took 175 ms
[13:16:32] [Client thread/INFO]: Warning: Clientside chunk ticking took 197 ms
[13:16:35] [Client thread/INFO]: Warning: Clientside chunk ticking took 153 ms
[13:16:35] [Client thread/INFO]: Warning: Clientside chunk ticking took 124 ms
[13:16:35] [Client thread/INFO]: Warning: Clientside chunk ticking took 128 ms
[13:16:36] [Client thread/INFO]: Warning: Clientside chunk ticking took 126 ms
[13:16:36] [Client thread/INFO]: Warning: Clientside chunk ticking took 142 ms
[13:16:36] [Client thread/INFO]: Warning: Clientside chunk ticking took 123 ms
[13:16:37] [Client thread/INFO]: Warning: Clientside chunk ticking took 129 ms
[13:16:37] [Client thread/INFO]: Warning: Clientside chunk ticking took 134 ms
[13:16:37] [Client thread/INFO]: Warning: Clientside chunk ticking took 151 ms
[13:16:37] [Client thread/INFO]: Warning: Clientside chunk ticking took 206 ms
[13:16:38] [Client thread/INFO]: Warning: Clientside chunk ticking took 133 ms
[13:16:38] [Client thread/INFO]: Warning: Clientside chunk ticking took 128 ms
[13:16:41] [Client thread/INFO]: Warning: Clientside chunk ticking took 115 ms
[13:17:24] [Server thread/INFO]: ForgeDevName has just earned the achievement [Taking Inventory]
[13:17:24] [Client thread/INFO]: [CHAT] ForgeDevName has just earned the achievement [Taking Inventory]
[13:17:58] [Client thread/INFO]: [CHAT] You do not have permission to use this command
[13:18:10] [Server thread/INFO]: Saving and pausing game...
[13:18:10] [Server thread/INFO]: Saving chunks for level 'New World'/Overworld
[13:18:10] [Server thread/INFO]: Saving chunks for level 'New World'/Nether
[13:18:10] [Server thread/INFO]: Saving chunks for level 'New World'/The End
[13:18:14] [Client thread/INFO]: Started on 53262
[13:18:14] [Client thread/INFO]: [CHAT] Local game hosted on port 53262
[13:18:17] [Client thread/INFO]: [CHAT] There is no such item with ID redstoneSchwert
[13:18:24] [Server thread/INFO]: Stopping server
[13:18:24] [Server thread/INFO]: Saving players
[13:18:24] [Server thread/INFO]: Saving worlds
[13:18:24] [Server thread/INFO]: Saving chunks for level 'New World'/Overworld
[13:18:25] [Server thread/INFO]: Saving chunks for level 'New World'/Nether
[13:18:25] [Server thread/INFO]: Saving chunks for level 'New World'/The End
[13:18:36] [Server thread/INFO]: Starting integrated minecraft server version 1.7.10
[13:18:36] [Server thread/INFO]: Generating keypair
[13:18:36] [Server thread/INFO]: Preparing start region for level 0
[13:18:36] [Server thread/INFO]: Changing view distance to 12, from 10
[13:18:37] [Server thread/INFO]: ForgeDevName[local:E:57398aa8] logged in with entity id 8264 at (-125.5, 67.0, 193.5)
[13:18:37] [Server thread/INFO]: ForgeDevName joined the game
[13:18:38] [Server thread/INFO]: Saving and pausing game...
[13:18:38] [Server thread/INFO]: Saving chunks for level 'New World'/Overworld
[13:18:38] [Server thread/INFO]: Saving chunks for level 'New World'/Nether
[13:18:38] [Server thread/INFO]: Saving chunks for level 'New World'/The End
[13:18:40] [Server thread/INFO]: Stopping server
[13:18:40] [Server thread/INFO]: Saving players
[13:18:40] [Server thread/INFO]: Saving worlds
[13:18:40] [Server thread/INFO]: Saving chunks for level 'New World'/Overworld
[13:18:40] [Server thread/INFO]: Saving chunks for level 'New World'/Nether
[13:18:40] [Server thread/INFO]: Saving chunks for level 'New World'/The End
[13:18:49] [Server thread/INFO]: Starting integrated minecraft server version 1.7.10
[13:18:49] [Server thread/INFO]: Generating keypair
[13:18:49] [Server thread/INFO]: Converting map!
[13:18:49] [Server thread/INFO]: Scanning folders...
[13:18:49] [Server thread/INFO]: Total conversion count is 0
[13:18:49] [Server thread/INFO]: Preparing start region for level 0
[13:18:50] [Server thread/INFO]: Preparing spawn area: 17%
[13:18:51] [Server thread/INFO]: Preparing spawn area: 34%
[13:18:52] [Server thread/INFO]: Preparing spawn area: 52%
[13:18:53] [Server thread/INFO]: Preparing spawn area: 70%
[13:18:54] [Server thread/INFO]: Preparing spawn area: 89%
[13:18:55] [Server thread/INFO]: Changing view distance to 12, from 10
[13:18:55] [Server thread/INFO]: ForgeDevName[local:E:e0ec4885] logged in with entity id 8590 at (10.5, 68.0, 264.5)
[13:18:55] [Server thread/INFO]: ForgeDevName joined the game
[13:18:59] [Client thread/INFO]: Warning: Clientside chunk ticking took 103 ms
[13:18:59] [Client thread/INFO]: Warning: Clientside chunk ticking took 130 ms
[13:18:59] [Client thread/INFO]: Warning: Clientside chunk ticking took 110 ms
[13:19:03] [Client thread/INFO]: Warning: Clientside chunk ticking took 108 ms
[13:19:03] [Client thread/INFO]: Warning: Clientside chunk ticking took 120 ms
[13:19:03] [Client thread/INFO]: Warning: Clientside chunk ticking took 143 ms
[13:19:04] [Client thread/INFO]: Warning: Clientside chunk ticking took 101 ms
[13:19:04] [Client thread/INFO]: Warning: Clientside chunk ticking took 128 ms
[13:19:05] [Client thread/INFO]: Warning: Clientside chunk ticking took 119 ms
[13:19:13] [Server thread/INFO]: ForgeDevName has just earned the achievement [Taking Inventory]
[13:19:13] [Client thread/INFO]: [CHAT] ForgeDevName has just earned the achievement [Taking Inventory]
[13:19:22] [Server thread/INFO]: Saving and pausing game...
[13:19:22] [Server thread/INFO]: Saving chunks for level 'New World'/Overworld
[13:19:22] [Server thread/INFO]: Saving chunks for level 'New World'/Nether
[13:19:22] [Server thread/INFO]: Saving chunks for level 'New World'/The End
[13:19:24] [Server thread/INFO]: Stopping server
[13:19:24] [Server thread/INFO]: Saving players
[13:19:24] [Server thread/INFO]: Saving worlds
[13:19:24] [Server thread/INFO]: Saving chunks for level 'New World'/Overworld
[13:19:24] [Server thread/INFO]: Saving chunks for level 'New World'/Nether
[13:19:24] [Server thread/INFO]: Saving chunks for level 'New World'/The End
[13:19:25] [Client thread/INFO]: Stopping!
